<?xml version="1.0" encoding="UTF-8"?>
<!-- Generated by org.testng.reporters.JUnitXMLReporter -->
<testsuite hostname="TRUUGQA03" ignored="0" name="Command line test" tests="9" failures="0" timestamp="2021-03-10T09:01:24 EAT" time="31.133" errors="0">
  <testcase name="Starting_login_functionalities_Test_cases" time="0.121" classname="USSD.A_Login"/>
  <testcase name="Check_behavior_of_system_when_user_exhausts_number_of_trials_on_answering_security_questions_if_entered_answers_are_wrong" time="12.762" classname="USSD.A_Login"/>
  <testcase name="Verify_that_customer_can_access_Omni_service_by_dialing" time="1.294" classname="USSD.A_Login"/>
  <testcase name="Verify_that_an_appropriate_Error_message_is_displayed_when_user_enters_a_wrong_confirmation_PIN" time="0.497" classname="USSD.A_Login"/>
  <testcase name="Verify_that_the_application_navigates_to_main_page_with_modules_for_accessing_Mbanking_Services_on_successful_login" time="0.808" classname="USSD.A_Login"/>
  <testcase name="Verify_that_system_prompts_customer_to_change_pin" time="1.373" classname="USSD.A_Login"/>
  <testcase name="Client_should_not_login_with_invalid_PIN" time="0.418" classname="USSD.A_Login"/>
  <testcase name="Confirm_that_the_user_is_blocked_on_entering_wrong_password_more_than_3_consecutive_times" time="9.721" classname="USSD.A_Login"/>
  <testcase name="End_of_log_in_functionalities_Test_cases" time="0.005" classname="USSD.A_Login"/>
</testsuite> <!-- Command line test -->
